<?xml version="1.0" encoding="UTF-8"?>
<!-- Generated by org.testng.reporters.JUnitXMLReporter -->
<testsuite hostname="LTPAUSYD2343022" name="Command line test" tests="1" failures="1" timestamp="9 Dec 2019 04:07:56 GMT" time="118.721" errors="0">
  <testcase name="feature" time="117.264" classname="Parallel.TestRunner">
    <failure type="cucumber.runtime.CucumberException" message="java.lang.AssertionError: expected [Claim Finalized] but found [Claim Created]">
      <![CDATA[cucumber.runtime.CucumberException: java.lang.AssertionError: expected [Claim Finalized] but found [Claim Created]
	at cucumber.api.testng.TestNGCucumberRunner.runCucumber(TestNGCucumberRunner.java:69)
	at cucumber.api.testng.AbstractTestNGCucumberTests.feature(AbstractTestNGCucumberTests.java:21)
Caused by: java.lang.AssertionError: expected [Claim Finalized] but found [Claim Created]
	at Parallel.StepDefinitions.i_verify_the_Case_Created_status_as(StepDefinitions.java:257)
	at âœ½.Then I verify the case status as the following "Claim Finalized"(1_CUC-9,CUC-10.feature:16)
... Removed 39 stack frames]]>
    </failure>
  </testcase> <!-- feature -->
</testsuite> <!-- Command line test -->
